#
# There is insufficient memory for the Java Runtime Environment to continue.
# Native memory allocation (mmap) failed to map 134217728 bytes for Failed to commit area from 0x0000000081a00000 to 0x0000000089a00000 of length 134217728.
# Possible reasons:
#   The system is out of physical RAM or swap space
#   The process is running with CompressedOops enabled, and the Java Heap may be blocking the growth of the native heap
# Possible solutions:
#   Reduce memory load on the system
#   Increase physical memory or swap space
#   Check if swap backing store is full
#   Decrease Java heap size (-Xmx/-Xms)
#   Decrease number of Java threads
#   Decrease Java thread stack sizes (-Xss)
#   Set larger code cache with -XX:ReservedCodeCacheSize=
# This output file may be truncated or incomplete.
#
#  Out of Memory Error (t:/workspace/open/src/hotspot/os/windows/os_windows.cpp:3221), pid=4784, tid=11084
#
# JRE version:  (10.0.1+10) (build )
# Java VM: Java HotSpot(TM) 64-Bit Server VM (10.0.1+10, mixed mode, aot, tiered, compressed oops, g1 gc, windows-amd64)
# No core dump will be written. Minidumps are not enabled by default on client versions of Windows
#

---------------  S U M M A R Y ------------

Command Line: -Dfile.encoding=MS950 HW5_4

Host: Intel(R) Core(TM) i7-4720HQ CPU @ 2.60GHz, 8 cores, 7G,  Windows 10 , 64 bit Build 16299 (10.0.16299.15)
Time: Fri Dec 21 00:36:59 2018 ¢Dx¢D_?D¡PCRE?! elapsed time: 0 seconds (0d 0h 0m 0s)

---------------  T H R E A D  ---------------

Current thread (0x0000024ee2176800):  JavaThread "Unknown thread" [_thread_in_vm, id=11084, stack(0x000000b844900000,0x000000b844a00000)]

Stack: [0x000000b844900000,0x000000b844a00000]
Native frames: (J=compiled Java code, j=interpreted, Vv=VM code, C=native code)
V  [jvm.dll+0x5a0369]
V  [jvm.dll+0x6bcf81]
V  [jvm.dll+0x6be176]
V  [jvm.dll+0x6be803]
V  [jvm.dll+0x234998]
V  [jvm.dll+0x59dc74]
V  [jvm.dll+0x592ab5]
V  [jvm.dll+0x2f625b]
V  [jvm.dll+0x2f61c5]
V  [jvm.dll+0x2f60a2]
V  [jvm.dll+0x2f8286]
V  [jvm.dll+0x3440d3]
V  [jvm.dll+0x3447e6]
V  [jvm.dll+0x3441d3]
V  [jvm.dll+0x2c43b8]
V  [jvm.dll+0x2c5501]
V  [jvm.dll+0x69d33b]
V  [jvm.dll+0x69eb5c]
V  [jvm.dll+0x351849]
V  [jvm.dll+0x6859c2]
V  [jvm.dll+0x3ba0a3]
V  [jvm.dll+0x3bc201]
C  [javaw.exe+0x3541]
C  [javaw.exe+0xe1cf]
C  [javaw.exe+0xe376]
C  [KERNEL32.DLL+0x11fe4]
C  [ntdll.dll+0x6f061]


---------------  P R O C E S S  ---------------

Threads class SMR info:
_java_thread_list=0x0000024edfd97440, length=0, elements={
}

Java Threads: ( => current thread )

Other Threads:
  0x0000024ee2189800 GCTaskThread "GC Thread#0" [stack: 0x000000b844a00000,0x000000b844b00000] [id=13956]
  0x0000024ee218d000 GCTaskThread "GC Thread#1" [stack: 0x000000b844b00000,0x000000b844c00000] [id=11684]
  0x0000024ee2190800 GCTaskThread "GC Thread#2" [stack: 0x000000b844c00000,0x000000b844d00000] [id=11332]
  0x0000024ee2194000 GCTaskThread "GC Thread#3" [stack: 0x000000b844d00000,0x000000b844e00000] [id=9616]
  0x0000024ee21a6800 GCTaskThread "GC Thread#4" [stack: 0x000000b844e00000,0x000000b844f00000] [id=9608]
  0x0000024ee21a0000 GCTaskThread "GC Thread#5" [stack: 0x000000b844f00000,0x000000b845000000] [id=6976]
  0x0000024ee219f000 GCTaskThread "GC Thread#6" [stack: 0x000000b845000000,0x000000b845100000] [id=11448]
  0x0000024ee21a2800 GCTaskThread "GC Thread#7" [stack: 0x000000b845100000,0x000000b845200000] [id=13564]
  0x0000024ee2216800 ConcurrentGCThread "G1 Main Marker" [stack: 0x000000b845200000,0x000000b845300000] [id=10308]
  0x0000024ee21a3000 ConcurrentGCThread "G1 Conc#0" [stack: 0x000000b845300000,0x000000b845400000] [id=5012]
  0x0000024ee21a4800 ConcurrentGCThread "G1 Conc#1" [stack: 0x000000b845400000,0x000000b845500000] [id=6444]

[error occurred during error reporting (printing all threads), id 0xe0000002]

VM state:not at safepoint (not fully initialized)

VM Mutex/Monitor currently owned by a thread:  ([mutex/lock_event])
[0x0000024ee2175a00] Heap_lock - owner thread: 0x0000024ee2176800

Heap address: 0x0000000081a00000, size: 2022 MB, Compressed Oops mode: Non-zero based: 0x0000000081a00000
Narrow klass base: 0x0000000000000000, Narrow klass shift: 0

GC Heap History (0 events):
No events

Deoptimization events (0 events):
No events

Classes redefined (0 events):
No events

Internal exceptions (0 events):
No events

Events (0 events):
No events


Dynamic libraries:
0x00007ff70c750000 - 0x00007ff70c78e000 	C:\Program Files\Java\jre-10.0.1\bin\javaw.exe
0x00007ffde08e0000 - 0x00007ffde0ac0000 	C:\Windows\SYSTEM32\ntdll.dll
0x00007ffdaae30000 - 0x00007ffdaae84000 	C:\Program Files (x86)\AVG\Av\avghooka.dll
0x00007ffdde450000 - 0x00007ffdde4fe000 	C:\Windows\System32\KERNEL32.DLL
0x00007ffddd6d0000 - 0x00007ffddd936000 	C:\Windows\System32\KERNELBASE.dll
0x00007ffddfff0000 - 0x00007ffde0091000 	C:\Windows\System32\ADVAPI32.dll
0x00007ffdde1b0000 - 0x00007ffdde24d000 	C:\Windows\System32\msvcrt.dll
0x00007ffde05a0000 - 0x00007ffde05fb000 	C:\Windows\System32\sechost.dll
0x00007ffdde250000 - 0x00007ffdde36f000 	C:\Windows\System32\RPCRT4.dll
0x00007ffdde020000 - 0x00007ffdde1af000 	C:\Windows\System32\USER32.dll
0x00007ffddcf10000 - 0x00007ffddcf30000 	C:\Windows\System32\win32u.dll
0x00007ffde0680000 - 0x00007ffde06a8000 	C:\Windows\System32\GDI32.dll
0x00007ffdddc10000 - 0x00007ffdddda3000 	C:\Windows\System32\gdi32full.dll
0x00007ffddcdc0000 - 0x00007ffddce5b000 	C:\Windows\System32\msvcp_win.dll
0x00007ffdddb10000 - 0x00007ffdddc06000 	C:\Windows\System32\ucrtbase.dll
0x00007ffdd35e0000 - 0x00007ffdd3849000 	C:\Windows\WinSxS\amd64_microsoft.windows.common-controls_6595b64144ccf1df_6.0.16299.371_none_15c7d1789365a290\COMCTL32.dll
0x00007ffde00a0000 - 0x00007ffde03a8000 	C:\Windows\System32\combase.dll
0x00007ffddcd40000 - 0x00007ffddcdb2000 	C:\Windows\System32\bcryptPrimitives.dll
0x00007ffdd82f0000 - 0x00007ffdd82fa000 	C:\Windows\SYSTEM32\VERSION.dll
0x00007ffdddf20000 - 0x00007ffdddf4d000 	C:\Windows\System32\IMM32.DLL
0x00007ffdd7fd0000 - 0x00007ffdd80bf000 	C:\Program Files\Java\jre-10.0.1\bin\msvcr120.dll
0x00007ffdd7e90000 - 0x00007ffdd7f36000 	C:\Program Files\Java\jre-10.0.1\bin\msvcp120.dll
0x000000005e4d0000 - 0x000000005ef40000 	C:\Program Files\Java\jre-10.0.1\bin\server\jvm.dll
0x00007ffde0460000 - 0x00007ffde0468000 	C:\Windows\System32\PSAPI.DLL
0x00007ffdcb070000 - 0x00007ffdcb079000 	C:\Windows\SYSTEM32\WSOCK32.dll
0x00007ffde0470000 - 0x00007ffde04dc000 	C:\Windows\System32\WS2_32.dll
0x00007ffddacd0000 - 0x00007ffddacf3000 	C:\Windows\SYSTEM32\WINMM.dll
0x00007ffddac90000 - 0x00007ffddacba000 	C:\Windows\SYSTEM32\WINMMBASE.dll
0x00007ffddd680000 - 0x00007ffddd6ca000 	C:\Windows\System32\cfgmgr32.dll
0x00007ffdd9fa0000 - 0x00007ffdd9faf000 	C:\Program Files\Java\jre-10.0.1\bin\verify.dll
0x00007ffdc9530000 - 0x00007ffdc96f8000 	C:\Windows\SYSTEM32\DBGHELP.DLL
0x00007ffdc89d0000 - 0x00007ffdc89f9000 	C:\Windows\SYSTEM32\dbgcore.DLL
0x00007ffdd7fa0000 - 0x00007ffdd7fc7000 	C:\Program Files\Java\jre-10.0.1\bin\java.dll
0x00007ffdd9f50000 - 0x00007ffdd9f66000 	C:\Program Files\Java\jre-10.0.1\bin\zip.dll
0x00007ffdd9f90000 - 0x00007ffdd9f9a000 	C:\Program Files\Java\jre-10.0.1\bin\jimage.dll

dbghelp: loaded successfully - version: 4.0.5 - missing functions: none
symbol engine: initialized successfully - sym options: 0x614 - pdb path: .;C:\Program Files\Java\jre-10.0.1\bin;C:\Windows\SYSTEM32;C:\Program Files (x86)\AVG\Av;C:\Windows\WinSxS\amd64_microsoft.windows.common-controls_6595b64144ccf1df_6.0.16299.371_none_15c7d1789365a290;C:\Program Files\Java\jre-10.0.1\bin\server

VM Arguments:
jvm_args: -Dfile.encoding=MS950 
java_command: HW5_4
java_class_path (initial): D:\java\HW5\bin
Launcher Type: SUN_STANDARD

Logging:
Log output configuration:
#0: stdout all=warning uptime,level,tags
#1: stderr all=off uptime,level,tags

Environment Variables:
JAVA_HOME=C:\Program Files\Java\jdk-10.0.1
PATH=D:\app\Qirong\product\12.1.0\dbhome_1\bin;D:\app\Qirong\OraHome_1\bin;D:\app\Qirong\product\12.2.0\dbhome_2\bin;D:\app\Qirong\product\12.2.0\dbhome_1\bin;C:\Program Files\Microsoft MPI\Bin\;C:\Program Files (x86)\Common Files\Oracle\Java\javapath;C:\Program Files (x86)\Intel\iCLS Client\;C:\Program Files\Intel\iCLS Client\;C:\WINDOWS\system32;C:\WINDOWS;C:\WINDOWS\System32\Wbem;C:\WINDOWS\System32\WindowsPowerShell\v1.0\;C:\Program Files (x86)\Intel\Intel(R) Management Engine Components\DAL;C:\Program Files\Intel\Intel(R) Management Engine Components\DAL;C:\Program Files (x86)\Intel\Intel(R) Management Engine Components\IPT;C:\Program Files\Intel\Intel(R) Management Engine Components\IPT;C:\Program Files (x86)\NVIDIA Corporation\PhysX\Common;C:\Program Files\Git\cmd;C:\Program Files\dotnet\;C:\Program Files\Microsoft SQL Server\130\Tools\Binn\;C:\Program Files (x86)\Xoreax\IncrediBuild;C:\Program Files (x86)\Microsoft Emulator Manager\1.0\;C:\Users\Qirong\AppData\Local\Microsoft\WindowsApps;
USERNAME=Qirong
OS=Windows_NT
PROCESSOR_IDENTIFIER=Intel64 Family 6 Model 60 Stepping 3, GenuineIntel



---------------  S Y S T E M  ---------------

OS: Windows 10 , 64 bit Build 16299 (10.0.16299.15)

CPU:total 8 (initial active 8) (4 cores per cpu, 2 threads per core) family 6 model 60 stepping 3, cmov, cx8, fxsr, mmx, sse, sse2, sse3, ssse3, sse4.1, sse4.2, popcnt, avx, avx2, aes, clmul, erms, lzcnt, ht, tsc, tscinvbit, bmi1, bmi2, fma

Memory: 4k page, physical 8274996k(3511884k free), swap 8274996k(20308k free)

vm_info: Java HotSpot(TM) 64-Bit Server VM (10.0.1+10) for windows-amd64 JRE (10.0.1+10), built on Mar 27 2018 02:27:48 by "mach5one" with MS VC++ 12.0 (VS2013)

END.
